Halving computational cell along direction x
Halving computational cell along direction y
Halving computational cell along direction z
Working in 3D dimensions.
Computational cell is 20 x 8 x 8 with resolution 30
     block, center = (0,0,0)
          size (1e+20,0.65,0.22)
          axes (1,0,0), (0,1,0), (0,0,1)
          dielectric constant epsilon diagonal = (11.9025,11.9025,11.9025)
     ellipsoid, center = (0.158,0,0)
          size (0.143,0.315,1e+20)
          axes (1,0,0), (0,1,0), (0,0,1)
          dielectric constant epsilon diagonal = (1,1,1)
     ellipsoid, center = (-0.158,0,0)
          size (0.143,0.315,1e+20)
          axes (1,0,0), (0,1,0), (0,0,1)
          dielectric constant epsilon diagonal = (1,1,1)
     ellipsoid, center = (0.474632,0,0)
          size (0.143,0.315,1e+20)
          axes (1,0,0), (0,1,0), (0,0,1)
          dielectric constant epsilon diagonal = (1,1,1)
     ellipsoid, center = (-0.474632,0,0)
          size (0.143,0.315,1e+20)
          axes (1,0,0), (0,1,0), (0,0,1)
          dielectric constant epsilon diagonal = (1,1,1)
     ellipsoid, center = (0.792409,0,0)
          size (0.143,0.315,1e+20)
          axes (1,0,0), (0,1,0), (0,0,1)
          dielectric constant epsilon diagonal = (1,1,1)
     ellipsoid, center = (-0.792409,0,0)
          size (0.143,0.315,1e+20)
          axes (1,0,0), (0,1,0), (0,0,1)
          dielectric constant epsilon diagonal = (1,1,1)
     ellipsoid, center = (1.11128,0,0)
          size (0.143,0.315,1e+20)
          axes (1,0,0), (0,1,0), (0,0,1)
          dielectric constant epsilon diagonal = (1,1,1)
     ellipsoid, center = (-1.11128,0,0)
          size (0.143,0.315,1e+20)
          axes (1,0,0), (0,1,0), (0,0,1)
          dielectric constant epsilon diagonal = (1,1,1)
     ellipsoid, center = (1.43146,0,0)
          size (0.143,0.315,1e+20)
          axes (1,0,0), (0,1,0), (0,0,1)
          dielectric constant epsilon diagonal = (1,1,1)
     ellipsoid, center = (-1.43146,0,0)
          size (0.143,0.315,1e+20)
          axes (1,0,0), (0,1,0), (0,0,1)
          dielectric constant epsilon diagonal = (1,1,1)
     ellipsoid, center = (1.75336,0,0)
          size (0.143,0.315,1e+20)
          axes (1,0,0), (0,1,0), (0,0,1)
          dielectric constant epsilon diagonal = (1,1,1)
     ellipsoid, center = (-1.75336,0,0)
          size (0.143,0.315,1e+20)
          axes (1,0,0), (0,1,0), (0,0,1)
          dielectric constant epsilon diagonal = (1,1,1)
     ellipsoid, center = (2.07758,0,0)
          size (0.143,0.315,1e+20)
          axes (1,0,0), (0,1,0), (0,0,1)
          dielectric constant epsilon diagonal = (1,1,1)
     ellipsoid, center = (-2.07758,0,0)
          size (0.143,0.315,1e+20)
          axes (1,0,0), (0,1,0), (0,0,1)
          dielectric constant epsilon diagonal = (1,1,1)
     ellipsoid, center = (2.40502,0,0)
          size (0.143,0.315,1e+20)
          axes (1,0,0), (0,1,0), (0,0,1)
          dielectric constant epsilon diagonal = (1,1,1)
     ellipsoid, center = (-2.40502,0,0)
          size (0.143,0.315,1e+20)
          axes (1,0,0), (0,1,0), (0,0,1)
          dielectric constant epsilon diagonal = (1,1,1)
     ellipsoid, center = (2.73687,0,0)
          size (0.143,0.315,1e+20)
          axes (1,0,0), (0,1,0), (0,0,1)
          dielectric constant epsilon diagonal = (1,1,1)
     ellipsoid, center = (-2.73687,0,0)
          size (0.143,0.315,1e+20)
          axes (1,0,0), (0,1,0), (0,0,1)
          dielectric constant epsilon diagonal = (1,1,1)
     ellipsoid, center = (3.07467,0,0)
          size (0.143,0.315,1e+20)
          axes (1,0,0), (0,1,0), (0,0,1)
          dielectric constant epsilon diagonal = (1,1,1)
     ellipsoid, center = (-3.07467,0,0)
          size (0.143,0.315,1e+20)
          axes (1,0,0), (0,1,0), (0,0,1)
          dielectric constant epsilon diagonal = (1,1,1)
     ellipsoid, center = (3.42577,0,0)
          size (0.143,0.315,1e+20)
          axes (1,0,0), (0,1,0), (0,0,1)
          dielectric constant epsilon diagonal = (1,1,1)
     ellipsoid, center = (-3.42577,0,0)
          size (0.143,0.315,1e+20)
          axes (1,0,0), (0,1,0), (0,0,1)
          dielectric constant epsilon diagonal = (1,1,1)
     ellipsoid, center = (3.78677,0,0)
          size (0.143,0.315,1e+20)
          axes (1,0,0), (0,1,0), (0,0,1)
          dielectric constant epsilon diagonal = (1,1,1)
     ellipsoid, center = (-3.78677,0,0)
          size (0.143,0.315,1e+20)
          axes (1,0,0), (0,1,0), (0,0,1)
          dielectric constant epsilon diagonal = (1,1,1)
     ellipsoid, center = (4.14777,0,0)
          size (0.143,0.315,1e+20)
          axes (1,0,0), (0,1,0), (0,0,1)
          dielectric constant epsilon diagonal = (1,1,1)
     ellipsoid, center = (-4.14777,0,0)
          size (0.143,0.315,1e+20)
          axes (1,0,0), (0,1,0), (0,0,1)
          dielectric constant epsilon diagonal = (1,1,1)
     ellipsoid, center = (4.50877,0,0)
          size (0.143,0.315,1e+20)
          axes (1,0,0), (0,1,0), (0,0,1)
          dielectric constant epsilon diagonal = (1,1,1)
     ellipsoid, center = (-4.50877,0,0)
          size (0.143,0.315,1e+20)
          axes (1,0,0), (0,1,0), (0,0,1)
          dielectric constant epsilon diagonal = (1,1,1)
     ellipsoid, center = (4.86977,0,0)
          size (0.143,0.315,1e+20)
          axes (1,0,0), (0,1,0), (0,0,1)
          dielectric constant epsilon diagonal = (1,1,1)
     ellipsoid, center = (-4.86977,0,0)
          size (0.143,0.315,1e+20)
          axes (1,0,0), (0,1,0), (0,0,1)
          dielectric constant epsilon diagonal = (1,1,1)
     ellipsoid, center = (5.23077,0,0)
          size (0.143,0.315,1e+20)
          axes (1,0,0), (0,1,0), (0,0,1)
          dielectric constant epsilon diagonal = (1,1,1)
     ellipsoid, center = (-5.23077,0,0)
          size (0.143,0.315,1e+20)
          axes (1,0,0), (0,1,0), (0,0,1)
          dielectric constant epsilon diagonal = (1,1,1)
     ellipsoid, center = (5.59177,0,0)
          size (0.143,0.315,1e+20)
          axes (1,0,0), (0,1,0), (0,0,1)
          dielectric constant epsilon diagonal = (1,1,1)
     ellipsoid, center = (-5.59177,0,0)
          size (0.143,0.315,1e+20)
          axes (1,0,0), (0,1,0), (0,0,1)
          dielectric constant epsilon diagonal = (1,1,1)
     ellipsoid, center = (5.95277,0,0)
          size (0.143,0.315,1e+20)
          axes (1,0,0), (0,1,0), (0,0,1)
          dielectric constant epsilon diagonal = (1,1,1)
     ellipsoid, center = (-5.95277,0,0)
          size (0.143,0.315,1e+20)
          axes (1,0,0), (0,1,0), (0,0,1)
          dielectric constant epsilon diagonal = (1,1,1)
     ellipsoid, center = (6.31377,0,0)
          size (0.143,0.315,1e+20)
          axes (1,0,0), (0,1,0), (0,0,1)
          dielectric constant epsilon diagonal = (1,1,1)
     ellipsoid, center = (-6.31377,0,0)
          size (0.143,0.315,1e+20)
          axes (1,0,0), (0,1,0), (0,0,1)
          dielectric constant epsilon diagonal = (1,1,1)
     ellipsoid, center = (6.67477,0,0)
          size (0.143,0.315,1e+20)
          axes (1,0,0), (0,1,0), (0,0,1)
          dielectric constant epsilon diagonal = (1,1,1)
     ellipsoid, center = (-6.67477,0,0)
          size (0.143,0.315,1e+20)
          axes (1,0,0), (0,1,0), (0,0,1)
          dielectric constant epsilon diagonal = (1,1,1)
     block, center = (0,0,-2.61)
          size (1e+20,1e+20,5)
          axes (1,0,0), (0,1,0), (0,0,1)
          dielectric constant epsilon diagonal = (2.0736,2.0736,2.0736)
time for set_epsilon = 2.37844 s
-----------
on time step 1 (time=0.0166667), 8.88102 s/step
on time step 57 (time=0.95), 0.0724055 s/step
on time step 112 (time=1.86667), 0.0728294 s/step
on time step 168 (time=2.8), 0.072505 s/step
on time step 223 (time=3.71667), 0.072839 s/step
on time step 278 (time=4.63333), 0.0731615 s/step
on time step 333 (time=5.55), 0.0736036 s/step
on time step 388 (time=6.46667), 0.073816 s/step
on time step 442 (time=7.36667), 0.0741003 s/step
on time step 496 (time=8.26667), 0.0752746 s/step
on time step 546 (time=9.1), 0.0806671 s/step
on time step 599 (time=9.98333), 0.0762675 s/step
on time step 653 (time=10.8833), 0.0741874 s/step
on time step 707 (time=11.7833), 0.0741761 s/step
on time step 761 (time=12.6833), 0.0741658 s/step
on time step 815 (time=13.5833), 0.0742022 s/step
on time step 869 (time=14.4833), 0.0742064 s/step
on time step 923 (time=15.3833), 0.0741488 s/step
on time step 977 (time=16.2833), 0.074174 s/step
on time step 1031 (time=17.1833), 0.0742363 s/step
on time step 1085 (time=18.0833), 0.0741305 s/step
on time step 1139 (time=18.9833), 0.0742042 s/step
on time step 1193 (time=19.8833), 0.0741561 s/step
on time step 1247 (time=20.7833), 0.0741063 s/step
on time step 1301 (time=21.6833), 0.0741645 s/step
on time step 1355 (time=22.5833), 0.0741485 s/step
on time step 1409 (time=23.4833), 0.074178 s/step
on time step 1463 (time=24.3833), 0.0741634 s/step
on time step 1517 (time=25.2833), 0.0741912 s/step
on time step 1571 (time=26.1833), 0.0742674 s/step
on time step 1625 (time=27.0833), 0.0741941 s/step
on time step 1679 (time=27.9833), 0.0743522 s/step
on time step 1733 (time=28.8833), 0.0741626 s/step
on time step 1787 (time=29.7833), 0.0741963 s/step
on time step 1841 (time=30.6833), 0.0741906 s/step
on time step 1895 (time=31.5833), 0.0741647 s/step
on time step 1949 (time=32.4833), 0.0742281 s/step
on time step 2003 (time=33.3833), 0.0742202 s/step
on time step 2057 (time=34.2833), 0.0742538 s/step
on time step 2111 (time=35.1833), 0.0741613 s/step
on time step 2165 (time=36.0833), 0.0741658 s/step
on time step 2217 (time=36.95), 0.0780012 s/step
on time step 2268 (time=37.8), 0.0789395 s/step
on time step 2322 (time=38.7), 0.0752887 s/step
on time step 2376 (time=39.6), 0.0741445 s/step
on time step 2430 (time=40.5), 0.07418 s/step
on time step 2484 (time=41.4), 0.0741533 s/step
on time step 2538 (time=42.3), 0.0741431 s/step
on time step 2592 (time=43.2), 0.0741772 s/step
on time step 2646 (time=44.1), 0.0742168 s/step
on time step 2700 (time=45), 0.0741915 s/step
on time step 2754 (time=45.9), 0.0742324 s/step
on time step 2808 (time=46.8), 0.0741988 s/step
on time step 2862 (time=47.7), 0.0742039 s/step
on time step 2916 (time=48.6), 0.0741932 s/step
on time step 2970 (time=49.5), 0.0741827 s/step
on time step 3024 (time=50.4), 0.0742166 s/step
on time step 3078 (time=51.3), 0.0742258 s/step
on time step 3132 (time=52.2), 0.0742615 s/step
on time step 3186 (time=53.1), 0.0742662 s/step
on time step 3240 (time=54), 0.0742794 s/step
on time step 3294 (time=54.9), 0.0742407 s/step
on time step 3348 (time=55.8), 0.0742576 s/step
on time step 3402 (time=56.7), 0.0742407 s/step
on time step 3456 (time=57.6), 0.0742299 s/step
on time step 3510 (time=58.5), 0.0742541 s/step
on time step 3564 (time=59.4), 0.0741848 s/step
on time step 3618 (time=60.3), 0.0742309 s/step
on time step 3672 (time=61.2), 0.0742589 s/step
on time step 3726 (time=62.1), 0.0744981 s/step
on time step 3780 (time=63), 0.0742529 s/step
on time step 3834 (time=63.9), 0.0742201 s/step
on time step 3888 (time=64.8), 0.0741952 s/step
on time step 3938 (time=65.6333), 0.0800268 s/step
on time step 3989 (time=66.4833), 0.0786856 s/step
on time step 4043 (time=67.3833), 0.0742339 s/step
on time step 4097 (time=68.2833), 0.074226 s/step
on time step 4151 (time=69.1833), 0.074185 s/step
on time step 4205 (time=70.0833), 0.0742034 s/step
on time step 4259 (time=70.9833), 0.0742681 s/step
on time step 4313 (time=71.8833), 0.0742519 s/step
on time step 4367 (time=72.7833), 0.074229 s/step
on time step 4421 (time=73.6833), 0.0742393 s/step
on time step 4475 (time=74.5833), 0.0742391 s/step
on time step 4529 (time=75.4833), 0.0742088 s/step
on time step 4583 (time=76.3833), 0.0741821 s/step
on time step 4637 (time=77.2833), 0.0742191 s/step
on time step 4691 (time=78.1833), 0.0741842 s/step
on time step 4745 (time=79.0833), 0.0742128 s/step
on time step 4799 (time=79.9833), 0.0742006 s/step
on time step 4853 (time=80.8833), 0.0742087 s/step
on time step 4907 (time=81.7833), 0.0742077 s/step
on time step 4961 (time=82.6833), 0.0741768 s/step
on time step 5015 (time=83.5833), 0.0742055 s/step
on time step 5069 (time=84.4833), 0.0742485 s/step
on time step 5123 (time=85.3833), 0.0742341 s/step
on time step 5177 (time=86.2833), 0.074222 s/step
on time step 5231 (time=87.1833), 0.0742317 s/step
on time step 5285 (time=88.0833), 0.0742386 s/step
on time step 5339 (time=88.9833), 0.0741985 s/step
on time step 5393 (time=89.8833), 0.0742224 s/step
on time step 5447 (time=90.7833), 0.0741961 s/step
on time step 5501 (time=91.6833), 0.0741885 s/step
on time step 5555 (time=92.5833), 0.0742164 s/step
on time step 5608 (time=93.4667), 0.0758825 s/step
on time step 5658 (time=94.3), 0.0806685 s/step
on time step 5711 (time=95.1833), 0.0758109 s/step
on time step 5765 (time=96.0833), 0.0742102 s/step
on time step 5819 (time=96.9833), 0.0742048 s/step
on time step 5873 (time=97.8833), 0.0742428 s/step
on time step 5927 (time=98.7833), 0.0742519 s/step
on time step 5981 (time=99.6833), 0.074253 s/step
on time step 6035 (time=100.583), 0.0741085 s/step
on time step 6090 (time=101.5), 0.0740404 s/step
on time step 6145 (time=102.417), 0.0740275 s/step
on time step 6200 (time=103.333), 0.0740248 s/step
on time step 6255 (time=104.25), 0.0740301 s/step
on time step 6310 (time=105.167), 0.0740471 s/step
on time step 6365 (time=106.083), 0.0740181 s/step
on time step 6420 (time=107), 0.073989 s/step
on time step 6475 (time=107.917), 0.0740362 s/step
on time step 6530 (time=108.833), 0.0740193 s/step
on time step 6585 (time=109.75), 0.0740123 s/step
on time step 6640 (time=110.667), 0.0740652 s/step
on time step 6695 (time=111.583), 0.0740477 s/step
on time step 6750 (time=112.5), 0.0740401 s/step
on time step 6804 (time=113.4), 0.0740781 s/step
on time step 6859 (time=114.317), 0.073991 s/step
on time step 6914 (time=115.233), 0.0739853 s/step
on time step 6969 (time=116.15), 0.0740038 s/step
on time step 7024 (time=117.067), 0.0740377 s/step
on time step 7079 (time=117.983), 0.0740161 s/step
on time step 7134 (time=118.9), 0.0740222 s/step
on time step 7189 (time=119.817), 0.0740007 s/step
on time step 7244 (time=120.733), 0.0740118 s/step
on time step 7298 (time=121.633), 0.0740785 s/step
on time step 7348 (time=122.467), 0.0801456 s/step
on time step 7400 (time=123.333), 0.0781522 s/step
on time step 7455 (time=124.25), 0.0739894 s/step
on time step 7510 (time=125.167), 0.0740618 s/step
on time step 7565 (time=126.083), 0.0740608 s/step
on time step 7620 (time=127), 0.0740449 s/step
on time step 7675 (time=127.917), 0.074059 s/step
on time step 7730 (time=128.833), 0.0740709 s/step
on time step 7785 (time=129.75), 0.0741067 s/step
on time step 7840 (time=130.667), 0.0740711 s/step
on time step 7895 (time=131.583), 0.0740452 s/step
on time step 7949 (time=132.483), 0.0741671 s/step
on time step 8004 (time=133.4), 0.0740553 s/step
on time step 8058 (time=134.3), 0.074077 s/step
on time step 8113 (time=135.217), 0.0740213 s/step
on time step 8168 (time=136.133), 0.0740292 s/step
on time step 8223 (time=137.05), 0.0740453 s/step
on time step 8277 (time=137.95), 0.0740814 s/step
on time step 8332 (time=138.867), 0.0739718 s/step
on time step 8387 (time=139.783), 0.0740469 s/step
on time step 8442 (time=140.7), 0.074008 s/step
on time step 8497 (time=141.617), 0.0739836 s/step
on time step 8552 (time=142.533), 0.0740358 s/step
on time step 8607 (time=143.45), 0.0740467 s/step
on time step 8662 (time=144.367), 0.0740257 s/step
on time step 8717 (time=145.283), 0.074054 s/step
on time step 8772 (time=146.2), 0.0740161 s/step
on time step 8827 (time=147.117), 0.0740655 s/step
on time step 8881 (time=148.017), 0.0740801 s/step
on time step 8935 (time=148.917), 0.0740952 s/step
on time step 8990 (time=149.833), 0.0740143 s/step
on time step 9041 (time=150.683), 0.0786523 s/step
on time step 9092 (time=151.533), 0.0795054 s/step
on time step 9146 (time=152.433), 0.0740923 s/step
on time step 9201 (time=153.35), 0.0740574 s/step
on time step 9256 (time=154.267), 0.0740432 s/step
on time step 9311 (time=155.183), 0.0740795 s/step
on time step 9366 (time=156.1), 0.0740655 s/step
on time step 9421 (time=157.017), 0.0740189 s/step
on time step 9476 (time=157.933), 0.0740311 s/step
on time step 9531 (time=158.85), 0.0740713 s/step
on time step 9586 (time=159.767), 0.0740552 s/step
on time step 9641 (time=160.683), 0.074023 s/step
on time step 9696 (time=161.6), 0.0740336 s/step
on time step 9751 (time=162.517), 0.0740228 s/step
on time step 9806 (time=163.433), 0.0740141 s/step
on time step 9861 (time=164.35), 0.0740645 s/step
on time step 9916 (time=165.267), 0.0740651 s/step
on time step 9970 (time=166.167), 0.0740772 s/step
on time step 10025 (time=167.083), 0.0740454 s/step
on time step 10080 (time=168), 0.0740481 s/step
on time step 10135 (time=168.917), 0.0740299 s/step
on time step 10190 (time=169.833), 0.0740702 s/step
on time step 10245 (time=170.75), 0.0740503 s/step
on time step 10299 (time=171.65), 0.0740836 s/step
on time step 10354 (time=172.567), 0.0740707 s/step
on time step 10409 (time=173.483), 0.0740234 s/step
on time step 10464 (time=174.4), 0.0740472 s/step
on time step 10518 (time=175.3), 0.0740792 s/step
on time step 10573 (time=176.217), 0.074033 s/step
on time step 10628 (time=177.133), 0.0740363 s/step
on time step 10683 (time=178.05), 0.0740435 s/step
on time step 10736 (time=178.933), 0.0769703 s/step
on time step 10787 (time=179.783), 0.0796526 s/step
on time step 10841 (time=180.683), 0.0753477 s/step
on time step 10896 (time=181.6), 0.0740365 s/step
on time step 10951 (time=182.517), 0.0740721 s/step
on time step 11006 (time=183.433), 0.074009 s/step
on time step 11061 (time=184.35), 0.0740264 s/step
on time step 11116 (time=185.267), 0.0739927 s/step
on time step 11171 (time=186.183), 0.0740095 s/step
on time step 11225 (time=187.083), 0.074082 s/step
on time step 11280 (time=188), 0.073993 s/step
on time step 11335 (time=188.917), 0.0740662 s/step
on time step 11390 (time=189.833), 0.0740095 s/step
on time step 11445 (time=190.75), 0.0740304 s/step
on time step 11499 (time=191.65), 0.0740827 s/step
on time step 11554 (time=192.567), 0.074019 s/step
on time step 11609 (time=193.483), 0.0740619 s/step
on time step 11663 (time=194.383), 0.0741042 s/step
on time step 11718 (time=195.3), 0.0740503 s/step
on time step 11773 (time=196.217), 0.0740347 s/step
on time step 11828 (time=197.133), 0.0740456 s/step
on time step 11883 (time=198.05), 0.0740235 s/step
on time step 11938 (time=198.967), 0.074021 s/step
on time step 11992 (time=199.867), 0.0741251 s/step
on time step 12047 (time=200.783), 0.0740557 s/step
on time step 12102 (time=201.7), 0.0740279 s/step
on time step 12157 (time=202.617), 0.0740755 s/step
on time step 12212 (time=203.533), 0.0740243 s/step
on time step 12267 (time=204.45), 0.0740267 s/step
on time step 12321 (time=205.35), 0.074079 s/step
on time step 12376 (time=206.267), 0.0740108 s/step
on time step 12430 (time=207.167), 0.0752349 s/step
on time step 12480 (time=208), 0.0808825 s/step
on time step 12533 (time=208.883), 0.0758835 s/step
on time step 12588 (time=209.8), 0.0740345 s/step
on time step 12643 (time=210.717), 0.0739926 s/step
on time step 12698 (time=211.633), 0.0740323 s/step
on time step 12753 (time=212.55), 0.0739944 s/step
on time step 12808 (time=213.467), 0.0740305 s/step
on time step 12863 (time=214.383), 0.0740173 s/step
on time step 12918 (time=215.3), 0.0740345 s/step
on time step 12973 (time=216.217), 0.0740435 s/step
on time step 13028 (time=217.133), 0.0739982 s/step
on time step 13083 (time=218.05), 0.0740433 s/step
on time step 13137 (time=218.95), 0.0740996 s/step
on time step 13192 (time=219.867), 0.0740295 s/step
on time step 13247 (time=220.783), 0.0740329 s/step
on time step 13302 (time=221.7), 0.0740043 s/step
on time step 13357 (time=222.617), 0.0740083 s/step
on time step 13412 (time=223.533), 0.0740287 s/step
on time step 13467 (time=224.45), 0.0740325 s/step
on time step 13522 (time=225.367), 0.0740432 s/step
on time step 13577 (time=226.283), 0.0740529 s/step
on time step 13632 (time=227.2), 0.073959 s/step
on time step 13686 (time=228.1), 0.0740879 s/step
on time step 13741 (time=229.017), 0.0740168 s/step
on time step 13796 (time=229.933), 0.0740513 s/step
on time step 13851 (time=230.85), 0.074034 s/step
on time step 13906 (time=231.767), 0.0740188 s/step
on time step 13960 (time=232.667), 0.0740997 s/step
on time step 14015 (time=233.583), 0.0740676 s/step
on time step 14069 (time=234.483), 0.0740798 s/step
on time step 14124 (time=235.4), 0.0740485 s/step
on time step 14175 (time=236.25), 0.0798967 s/step
on time step 14227 (time=237.117), 0.0779786 s/step
on time step 14282 (time=238.033), 0.0740869 s/step
on time step 14337 (time=238.95), 0.0740691 s/step
on time step 14392 (time=239.867), 0.0740529 s/step
on time step 14447 (time=240.783), 0.0740446 s/step
on time step 14502 (time=241.7), 0.0740338 s/step
on time step 14557 (time=242.617), 0.0740559 s/step
on time step 14612 (time=243.533), 0.0740246 s/step
on time step 14667 (time=244.45), 0.0740112 s/step
on time step 14722 (time=245.367), 0.0740231 s/step
on time step 14776 (time=246.267), 0.0740885 s/step
on time step 14830 (time=247.167), 0.0741111 s/step
on time step 14884 (time=248.067), 0.0741035 s/step
on time step 14939 (time=248.983), 0.0740331 s/step
on time step 14994 (time=249.9), 0.0740387 s/step
on time step 15049 (time=250.817), 0.0740074 s/step
on time step 15103 (time=251.717), 0.0740845 s/step
on time step 15157 (time=252.617), 0.0740743 s/step
on time step 15212 (time=253.533), 0.0740321 s/step
on time step 15266 (time=254.433), 0.0740786 s/step
on time step 15320 (time=255.333), 0.0740887 s/step
on time step 15375 (time=256.25), 0.0740393 s/step
on time step 15430 (time=257.167), 0.0740171 s/step
on time step 15485 (time=258.083), 0.0740475 s/step
on time step 15540 (time=259), 0.074079 s/step
on time step 15595 (time=259.917), 0.0740151 s/step
on time step 15650 (time=260.833), 0.0740474 s/step
on time step 15705 (time=261.75), 0.0740514 s/step
on time step 15760 (time=262.667), 0.0740368 s/step
on time step 15815 (time=263.583), 0.0740238 s/step
on time step 15866 (time=264.433), 0.0785553 s/step
on time step 15917 (time=265.283), 0.0793084 s/step
on time step 15971 (time=266.183), 0.0741883 s/step
on time step 16025 (time=267.083), 0.0740782 s/step
on time step 16080 (time=268), 0.0740378 s/step
on time step 16135 (time=268.917), 0.0740255 s/step
on time step 16190 (time=269.833), 0.0740481 s/step
on time step 16245 (time=270.75), 0.0740393 s/step
on time step 16300 (time=271.667), 0.0740092 s/step
on time step 16355 (time=272.583), 0.0740457 s/step
on time step 16410 (time=273.5), 0.0740444 s/step
on time step 16465 (time=274.417), 0.0740477 s/step
on time step 16520 (time=275.333), 0.0740396 s/step
on time step 16575 (time=276.25), 0.074026 s/step
on time step 16630 (time=277.167), 0.0740141 s/step
on time step 16685 (time=278.083), 0.0739975 s/step
on time step 16740 (time=279), 0.0740395 s/step
on time step 16795 (time=279.917), 0.0740186 s/step
on time step 16850 (time=280.833), 0.0740082 s/step
on time step 16905 (time=281.75), 0.0740196 s/step
on time step 16960 (time=282.667), 0.0740157 s/step
on time step 17015 (time=283.583), 0.074049 s/step
on time step 17070 (time=284.5), 0.0740471 s/step
on time step 17125 (time=285.417), 0.0740626 s/step
on time step 17180 (time=286.333), 0.0740757 s/step
on time step 17235 (time=287.25), 0.0740288 s/step
on time step 17290 (time=288.167), 0.0740271 s/step
on time step 17345 (time=289.083), 0.0740431 s/step
on time step 17400 (time=290), 0.0740455 s/step
on time step 17455 (time=290.917), 0.0740005 s/step
on time step 17510 (time=291.833), 0.0739798 s/step
on time step 17562 (time=292.7), 0.0774875 s/step
on time step 17613 (time=293.55), 0.0791416 s/step
on time step 17667 (time=294.45), 0.0752416 s/step
on time step 17722 (time=295.367), 0.0740226 s/step
on time step 17777 (time=296.283), 0.0740455 s/step
on time step 17832 (time=297.2), 0.0740407 s/step
on time step 17887 (time=298.117), 0.0740257 s/step
on time step 17942 (time=299.033), 0.0740391 s/step
on time step 17996 (time=299.933), 0.074076 s/step
on time step 18051 (time=300.85), 0.0740534 s/step
on time step 18106 (time=301.767), 0.074039 s/step
on time step 18161 (time=302.683), 0.0739874 s/step
on time step 18216 (time=303.6), 0.0740305 s/step
on time step 18271 (time=304.517), 0.0740099 s/step
on time step 18326 (time=305.433), 0.0740389 s/step
on time step 18381 (time=306.35), 0.0740512 s/step
on time step 18436 (time=307.267), 0.0739777 s/step
on time step 18491 (time=308.183), 0.0739952 s/step
on time step 18546 (time=309.1), 0.0740663 s/step
on time step 18601 (time=310.017), 0.0740318 s/step
on time step 18656 (time=310.933), 0.0739737 s/step
on time step 18710 (time=311.833), 0.0740829 s/step
on time step 18765 (time=312.75), 0.0740569 s/step
on time step 18820 (time=313.667), 0.0740114 s/step
on time step 18874 (time=314.567), 0.0740818 s/step
on time step 18929 (time=315.483), 0.0740345 s/step
on time step 18984 (time=316.4), 0.0740342 s/step
on time step 19039 (time=317.317), 0.0740205 s/step
on time step 19094 (time=318.233), 0.0740103 s/step
on time step 19149 (time=319.15), 0.0740393 s/step
on time step 19204 (time=320.067), 0.0740254 s/step
on time step 19257 (time=320.95), 0.0755972 s/step
on time step 19307 (time=321.783), 0.0809124 s/step
on time step 19360 (time=322.667), 0.0756071 s/step
on time step 19415 (time=323.583), 0.0740246 s/step
on time step 19470 (time=324.5), 0.0740283 s/step
on time step 19525 (time=325.417), 0.0740167 s/step
on time step 19580 (time=326.333), 0.0740523 s/step
on time step 19635 (time=327.25), 0.0740271 s/step
on time step 19690 (time=328.167), 0.0740754 s/step
on time step 19745 (time=329.083), 0.074093 s/step
on time step 19800 (time=330), 0.0740643 s/step
on time step 19855 (time=330.917), 0.074056 s/step
on time step 19910 (time=331.833), 0.0739969 s/step
on time step 19964 (time=332.733), 0.0740755 s/step
on time step 20019 (time=333.65), 0.0739741 s/step
on time step 20073 (time=334.55), 0.0741222 s/step
on time step 20128 (time=335.467), 0.0739659 s/step
on time step 20183 (time=336.383), 0.0740314 s/step
on time step 20238 (time=337.3), 0.0740493 s/step
on time step 20293 (time=338.217), 0.0740404 s/step
on time step 20348 (time=339.133), 0.0740638 s/step
on time step 20403 (time=340.05), 0.0740727 s/step
on time step 20458 (time=340.967), 0.0740541 s/step
on time step 20513 (time=341.883), 0.0740256 s/step
on time step 20568 (time=342.8), 0.0740314 s/step
on time step 20623 (time=343.717), 0.07404 s/step
on time step 20678 (time=344.633), 0.0740007 s/step
on time step 20733 (time=345.55), 0.0739756 s/step
on time step 20787 (time=346.45), 0.0740772 s/step
on time step 20842 (time=347.367), 0.0739908 s/step
on time step 20897 (time=348.283), 0.0740093 s/step
on time step 20952 (time=349.2), 0.0740489 s/step
on time step 21002 (time=350.033), 0.0800152 s/step
on time step 21054 (time=350.9), 0.0776483 s/step
on time step 21109 (time=351.817), 0.0740647 s/step
on time step 21164 (time=352.733), 0.0740626 s/step
on time step 21218 (time=353.633), 0.0741271 s/step
on time step 21273 (time=354.55), 0.0740515 s/step
on time step 21328 (time=355.467), 0.0740542 s/step
on time step 21383 (time=356.383), 0.0740215 s/step
on time step 21438 (time=357.3), 0.0740552 s/step
on time step 21493 (time=358.217), 0.0740301 s/step
on time step 21548 (time=359.133), 0.0740433 s/step
on time step 21603 (time=360.05), 0.0740517 s/step
on time step 21658 (time=360.967), 0.0740526 s/step
on time step 21713 (time=361.883), 0.0740128 s/step
on time step 21768 (time=362.8), 0.074006 s/step
on time step 21823 (time=363.717), 0.0740446 s/step
on time step 21878 (time=364.633), 0.0740402 s/step
on time step 21933 (time=365.55), 0.0739874 s/step
on time step 21988 (time=366.467), 0.0740702 s/step
on time step 22042 (time=367.367), 0.0740807 s/step
on time step 22096 (time=368.267), 0.07408 s/step
on time step 22151 (time=369.183), 0.0740546 s/step
on time step 22206 (time=370.1), 0.0740332 s/step
on time step 22261 (time=371.017), 0.0740329 s/step
on time step 22316 (time=371.933), 0.0739967 s/step
on time step 22371 (time=372.85), 0.0740469 s/step
on time step 22426 (time=373.767), 0.0739951 s/step
on time step 22481 (time=374.683), 0.0739817 s/step
on time step 22536 (time=375.6), 0.0740415 s/step
on time step 22591 (time=376.517), 0.0740016 s/step
on time step 22646 (time=377.433), 0.0739851 s/step
on time step 22697 (time=378.283), 0.0786684 s/step
on time step 22748 (time=379.133), 0.0791437 s/step
on time step 22803 (time=380.05), 0.0740673 s/step
on time step 22858 (time=380.967), 0.0739963 s/step
on time step 22913 (time=381.883), 0.0740557 s/step
on time step 22968 (time=382.8), 0.0740331 s/step
on time step 23023 (time=383.717), 0.0740175 s/step
on time step 23078 (time=384.633), 0.0740182 s/step
on time step 23133 (time=385.55), 0.0740005 s/step
on time step 23188 (time=386.467), 0.0740148 s/step
on time step 23243 (time=387.383), 0.0740212 s/step
on time step 23298 (time=388.3), 0.0740449 s/step
on time step 23353 (time=389.217), 0.0740117 s/step
on time step 23408 (time=390.133), 0.0740111 s/step
on time step 23463 (time=391.05), 0.0740368 s/step
on time step 23518 (time=391.967), 0.0740409 s/step
on time step 23573 (time=392.883), 0.0740012 s/step
on time step 23627 (time=393.783), 0.0740771 s/step
on time step 23682 (time=394.7), 0.0740475 s/step
on time step 23736 (time=395.6), 0.0740745 s/step
on time step 23790 (time=396.5), 0.0740774 s/step
on time step 23845 (time=397.417), 0.0740443 s/step
on time step 23900 (time=398.333), 0.0740298 s/step
on time step 23955 (time=399.25), 0.0740513 s/step
on time step 24010 (time=400.167), 0.0740632 s/step
on time step 24065 (time=401.083), 0.0740208 s/step
on time step 24119 (time=401.983), 0.0741418 s/step
on time step 24174 (time=402.9), 0.0740491 s/step
on time step 24228 (time=403.8), 0.0740784 s/step
on time step 24282 (time=404.7), 0.074264 s/step
on time step 24337 (time=405.617), 0.0740206 s/step
on time step 24389 (time=406.483), 0.0770892 s/step
on time step 24440 (time=407.333), 0.0794108 s/step
on time step 24494 (time=408.233), 0.0753047 s/step
on time step 24548 (time=409.133), 0.0740778 s/step
on time step 24603 (time=410.05), 0.0740166 s/step
on time step 24658 (time=410.967), 0.0740415 s/step
on time step 24713 (time=411.883), 0.0740201 s/step
on time step 24768 (time=412.8), 0.0739954 s/step
on time step 24823 (time=413.717), 0.0740361 s/step
on time step 24878 (time=414.633), 0.0740121 s/step
on time step 24933 (time=415.55), 0.0740151 s/step
on time step 24988 (time=416.467), 0.0740302 s/step
on time step 25043 (time=417.383), 0.0740568 s/step
on time step 25098 (time=418.3), 0.0740326 s/step
on time step 25153 (time=419.217), 0.0740198 s/step
on time step 25208 (time=420.133), 0.0740392 s/step
on time step 25262 (time=421.033), 0.0740796 s/step
on time step 25317 (time=421.95), 0.0740321 s/step
on time step 25372 (time=422.867), 0.0740501 s/step
on time step 25427 (time=423.783), 0.0740719 s/step
on time step 25482 (time=424.7), 0.0740437 s/step
on time step 25537 (time=425.617), 0.0739807 s/step
on time step 25592 (time=426.533), 0.0739884 s/step
on time step 25647 (time=427.45), 0.0740431 s/step
on time step 25702 (time=428.367), 0.074048 s/step
on time step 25757 (time=429.283), 0.074061 s/step
on time step 25812 (time=430.2), 0.0740408 s/step
on time step 25867 (time=431.117), 0.0740169 s/step
on time step 25922 (time=432.033), 0.0740157 s/step
on time step 25977 (time=432.95), 0.0740158 s/step
on time step 26032 (time=433.867), 0.0740479 s/step
on time step 26085 (time=434.75), 0.0755618 s/step
on time step 26135 (time=435.583), 0.0807608 s/step
on time step 26188 (time=436.467), 0.0759724 s/step
on time step 26243 (time=437.383), 0.0740421 s/step
on time step 26298 (time=438.3), 0.0740563 s/step
on time step 26352 (time=439.2), 0.0740764 s/step
on time step 26407 (time=440.117), 0.0740261 s/step
on time step 26462 (time=441.033), 0.0740475 s/step
on time step 26517 (time=441.95), 0.0740053 s/step
on time step 26572 (time=442.867), 0.0740399 s/step
on time step 26627 (time=443.783), 0.0740041 s/step
on time step 26682 (time=444.7), 0.0740314 s/step
on time step 26737 (time=445.617), 0.074004 s/step
on time step 26792 (time=446.533), 0.074011 s/step
on time step 26846 (time=447.433), 0.0741114 s/step
on time step 26901 (time=448.35), 0.0739876 s/step
on time step 26956 (time=449.267), 0.0740374 s/step
on time step 27011 (time=450.183), 0.0739937 s/step
on time step 27066 (time=451.1), 0.0740152 s/step
on time step 27121 (time=452.017), 0.0740764 s/step
on time step 27176 (time=452.933), 0.0739942 s/step
on time step 27231 (time=453.85), 0.0740731 s/step
on time step 27286 (time=454.767), 0.0739671 s/step
on time step 27341 (time=455.683), 0.0740444 s/step
on time step 27396 (time=456.6), 0.0740326 s/step
on time step 27451 (time=457.517), 0.0740254 s/step
on time step 27506 (time=458.433), 0.0739889 s/step
on time step 27561 (time=459.35), 0.0740101 s/step
on time step 27616 (time=460.267), 0.0740519 s/step
on time step 27671 (time=461.183), 0.0740536 s/step
on time step 27726 (time=462.1), 0.07405 s/step
on time step 27781 (time=463.017), 0.0740793 s/step
on time step 27831 (time=463.85), 0.0802665 s/step
on time step 27883 (time=464.717), 0.0777894 s/step
on time step 27938 (time=465.633), 0.0740017 s/step
on time step 27993 (time=466.55), 0.0740155 s/step
on time step 28047 (time=467.45), 0.0740992 s/step
on time step 28102 (time=468.367), 0.0740237 s/step
on time step 28156 (time=469.267), 0.0741394 s/step
on time step 28211 (time=470.183), 0.074041 s/step
on time step 28265 (time=471.083), 0.0741065 s/step
on time step 28320 (time=472), 0.0740179 s/step
on time step 28375 (time=472.917), 0.0740719 s/step
on time step 28429 (time=473.817), 0.0744243 s/step
on time step 28483 (time=474.717), 0.0743984 s/step
on time step 28537 (time=475.617), 0.0744316 s/step
on time step 28591 (time=476.517), 0.0743986 s/step
on time step 28645 (time=477.417), 0.0744077 s/step
on time step 28699 (time=478.317), 0.0744041 s/step
on time step 28753 (time=479.217), 0.0744294 s/step
on time step 28807 (time=480.117), 0.0743984 s/step
on time step 28861 (time=481.017), 0.0743923 s/step
on time step 28915 (time=481.917), 0.0743679 s/step
on time step 28969 (time=482.817), 0.0744034 s/step
on time step 29023 (time=483.717), 0.0743695 s/step
on time step 29077 (time=484.617), 0.0744146 s/step
on time step 29131 (time=485.517), 0.0744195 s/step
on time step 29185 (time=486.417), 0.0744052 s/step
on time step 29239 (time=487.317), 0.0743869 s/step
on time step 29293 (time=488.217), 0.0744486 s/step
on time step 29347 (time=489.117), 0.0744097 s/step
on time step 29401 (time=490.017), 0.0744396 s/step
on time step 29455 (time=490.917), 0.0743962 s/step
on time step 29507 (time=491.783), 0.0777003 s/step
on time step 29558 (time=492.633), 0.0792505 s/step
on time step 29611 (time=493.517), 0.0755733 s/step
on time step 29665 (time=494.417), 0.0744227 s/step
on time step 29719 (time=495.317), 0.0743701 s/step
on time step 29773 (time=496.217), 0.0743953 s/step
on time step 29828 (time=497.133), 0.0739813 s/step
on time step 29883 (time=498.05), 0.0739697 s/step
on time step 29938 (time=498.967), 0.0739435 s/step
on time step 29993 (time=499.883), 0.0739518 s/step
on time step 30048 (time=500.8), 0.0739906 s/step
on time step 30103 (time=501.717), 0.0740233 s/step
on time step 30158 (time=502.633), 0.0740111 s/step
on time step 30213 (time=503.55), 0.0739583 s/step
on time step 30268 (time=504.467), 0.0739711 s/step
on time step 30323 (time=505.383), 0.0739913 s/step
on time step 30378 (time=506.3), 0.0739199 s/step
on time step 30433 (time=507.217), 0.0740029 s/step
on time step 30488 (time=508.133), 0.0739889 s/step
on time step 30543 (time=509.05), 0.0739748 s/step
on time step 30598 (time=509.967), 0.073972 s/step
on time step 30653 (time=510.883), 0.0739765 s/step
on time step 30708 (time=511.8), 0.0739833 s/step
on time step 30763 (time=512.717), 0.0740023 s/step
on time step 30818 (time=513.633), 0.0739948 s/step
on time step 30873 (time=514.55), 0.0739966 s/step
on time step 30928 (time=515.467), 0.0739756 s/step
on time step 30983 (time=516.383), 0.0740199 s/step
on time step 31038 (time=517.3), 0.0739762 s/step
on time step 31093 (time=518.217), 0.0740291 s/step
on time step 31148 (time=519.133), 0.0740522 s/step
on time step 31202 (time=520.033), 0.0755687 s/step
on time step 31252 (time=520.867), 0.0805632 s/step
on time step 31305 (time=521.75), 0.0757773 s/step
on time step 31360 (time=522.667), 0.0739874 s/step
on time step 31415 (time=523.583), 0.0739935 s/step
on time step 31470 (time=524.5), 0.0739934 s/step
on time step 31525 (time=525.417), 0.0739886 s/step
on time step 31580 (time=526.333), 0.0740144 s/step
on time step 31635 (time=527.25), 0.0739768 s/step
on time step 31690 (time=528.167), 0.0740587 s/step
on time step 31745 (time=529.083), 0.0739591 s/step
on time step 31800 (time=530), 0.0740144 s/step
on time step 31855 (time=530.917), 0.0739872 s/step
on time step 31910 (time=531.833), 0.0740453 s/step
on time step 31965 (time=532.75), 0.0740352 s/step
on time step 32020 (time=533.667), 0.0740177 s/step
on time step 32075 (time=534.583), 0.0740771 s/step
on time step 32130 (time=535.5), 0.0740793 s/step
on time step 32184 (time=536.4), 0.0741427 s/step
on time step 32239 (time=537.317), 0.0740507 s/step
on time step 32294 (time=538.233), 0.0740516 s/step
on time step 32349 (time=539.15), 0.0740491 s/step
on time step 32404 (time=540.067), 0.074004 s/step
on time step 32459 (time=540.983), 0.0740374 s/step
on time step 32513 (time=541.883), 0.0740763 s/step
on time step 32568 (time=542.8), 0.0740699 s/step
on time step 32623 (time=543.717), 0.0740826 s/step
on time step 32678 (time=544.633), 0.0740361 s/step
on time step 32732 (time=545.533), 0.074076 s/step
on time step 32787 (time=546.45), 0.0740391 s/step
on time step 32841 (time=547.35), 0.0740743 s/step
on time step 32896 (time=548.267), 0.0740482 s/step
on time step 32946 (time=549.1), 0.0800289 s/step
on time step 32998 (time=549.967), 0.0778635 s/step

Field time usage:
     connecting chunks: 4.87415 s
         time stepping: 2138.28 s
         communicating: 291.956 s
    Fourier transforming: 0.0509756 s
       everything else: 33.1818 s

Using MPI version 3.1, 8 processes
-----------
Initializing structure...
Meep progress: 20.483333333333334/550.0 = 3.7% done in 100.0s, 2585.5s to go
Meep progress: 42.85/550.0 = 7.8% done in 200.1s, 2368.0s to go
Meep progress: 65.26666666666667/550.0 = 11.9% done in 300.1s, 2228.8s to go
Meep progress: 87.65/550.0 = 15.9% done in 400.1s, 2110.6s to go
Meep progress: 110.03333333333333/550.0 = 20.0% done in 500.2s, 1999.9s to go
Meep progress: 132.43333333333334/550.0 = 24.1% done in 600.2s, 1892.5s to go
Meep progress: 154.83333333333334/550.0 = 28.2% done in 700.2s, 1787.2s to go
Meep progress: 177.35/550.0 = 32.2% done in 800.3s, 1681.6s to go
Meep progress: 199.75/550.0 = 36.3% done in 900.3s, 1578.6s to go
Meep progress: 222.15/550.0 = 40.4% done in 1000.3s, 1476.3s to go
Meep progress: 244.54999999999998/550.0 = 44.5% done in 1100.3s, 1374.3s to go
Meep progress: 266.95/550.0 = 48.5% done in 1200.4s, 1272.8s to go
Meep progress: 289.46666666666664/550.0 = 52.6% done in 1300.4s, 1170.4s to go
Meep progress: 311.8833333333333/550.0 = 56.7% done in 1400.5s, 1069.2s to go
Meep progress: 334.2833333333333/550.0 = 60.8% done in 1500.5s, 968.3s to go
Meep progress: 356.7/550.0 = 64.9% done in 1600.6s, 867.4s to go
Meep progress: 379.1166666666667/550.0 = 68.9% done in 1700.6s, 766.5s to go
Meep progress: 401.6333333333333/550.0 = 73.0% done in 1800.6s, 665.2s to go
Meep progress: 424.0333333333333/550.0 = 77.1% done in 1900.7s, 564.6s to go
Meep progress: 446.43333333333334/550.0 = 81.2% done in 2000.7s, 464.1s to go
Meep progress: 468.8333333333333/550.0 = 85.2% done in 2100.7s, 363.7s to go
Meep progress: 491.26666666666665/550.0 = 89.3% done in 2200.8s, 263.1s to go
Meep progress: 513.6666666666666/550.0 = 93.4% done in 2300.8s, 162.7s to go
Meep progress: 536.0833333333334/550.0 = 97.5% done in 2400.9s, 62.3s to go
harminv0:, frequency, imag. freq., Q, |amp|, amplitude, error
harminv0:, 0.5599344321420452, -0.005024055419300332, 55.72534391151518, 0.010691960454089364, 0.009281671493114983-0.005307409221617222i, 0.00033161349375449446+0.0i
harminv0:, 0.5850986752496453, -0.00028380632500460325, 1030.8062641665142, 0.09745406946925987, 0.06862009180492346-0.06919955676738983i, 1.5582518773459136e-06+0.0i
harminv0:, 0.6088618215822347, -3.2213973837449592e-06, 94502.74974682211, 0.6456685895473272, -0.09257843929938843+0.6389969953802007i, 1.2835478422485535e-07+0.0i
harminv0:, 0.6350921446838061, -1.4377481775710567e-06, 220863.4845069795, 2.7104696926027456, -2.0129243997863013-1.815153248423664i, 5.05321962315904e-10+0.0i
run 0 finished at t = 550.0 (33000 timesteps)
Modal Volume: 0.07620313684974586

Elapsed run time = 2477.7892 s
